c:\users\shimu\onedrive\документы\madikhook\secreto sdk\release\client.obj
c:\users\shimu\onedrive\документы\madikhook\secreto sdk\release\events.obj
c:\users\shimu\onedrive\документы\madikhook\secreto sdk\release\networking.obj
c:\users\shimu\onedrive\документы\madikhook\secreto sdk\release\entry.obj
c:\users\shimu\onedrive\документы\madikhook\secreto sdk\release\lagcomp.obj
c:\users\shimu\onedrive\документы\madikhook\secreto sdk\release\netdata.obj
c:\users\shimu\onedrive\документы\madikhook\secreto sdk\release\render.obj
c:\users\shimu\onedrive\документы\madikhook\secreto sdk\release\bonesetup.obj
c:\users\shimu\onedrive\документы\madikhook\secreto sdk\release\hde32.obj
c:\users\shimu\onedrive\документы\madikhook\secreto sdk\release\grenade_path.obj
c:\users\shimu\onedrive\документы\madikhook\secreto sdk\release\shadowmgr.obj
c:\users\shimu\onedrive\документы\madikhook\secreto sdk\release\gui.obj
c:\users\shimu\onedrive\документы\madikhook\secreto sdk\release\clientdll.obj
c:\users\shimu\onedrive\документы\madikhook\secreto sdk\release\panel.obj
c:\users\shimu\onedrive\документы\madikhook\secreto sdk\release\resolver.obj
c:\users\shimu\onedrive\документы\madikhook\secreto sdk\release\chams.obj
c:\users\shimu\onedrive\документы\madikhook\secreto sdk\release\trampoline.obj
c:\users\shimu\onedrive\документы\madikhook\secreto sdk\release\keybind.obj
c:\users\shimu\onedrive\документы\madikhook\secreto sdk\release\cvar.obj
c:\users\shimu\onedrive\документы\madikhook\secreto sdk\release\hvh.obj
c:\users\shimu\onedrive\документы\madikhook\secreto sdk\release\math.obj
c:\users\shimu\onedrive\документы\madikhook\secreto sdk\release\pred.obj
c:\users\shimu\onedrive\документы\madikhook\secreto sdk\release\visuals.obj
c:\users\shimu\onedrive\документы\madikhook\secreto sdk\release\checkbox.obj
c:\users\shimu\onedrive\документы\madikhook\secreto sdk\release\config.obj
c:\users\shimu\onedrive\документы\madikhook\secreto sdk\release\sendnetmsg.obj
c:\users\shimu\onedrive\документы\madikhook\secreto sdk\release\form.obj
c:\users\shimu\onedrive\документы\madikhook\secreto sdk\release\skins.obj
c:\users\shimu\onedrive\документы\madikhook\secreto sdk\release\clientmode.obj
c:\users\shimu\onedrive\документы\madikhook\secreto sdk\release\prediction.obj
c:\users\shimu\onedrive\документы\madikhook\secreto sdk\release\clientstate.obj
c:\users\shimu\onedrive\документы\madikhook\secreto sdk\release\buffer.obj
c:\users\shimu\onedrive\документы\madikhook\secreto sdk\release\game_movement.obj
c:\users\shimu\onedrive\документы\madikhook\secreto sdk\release\csgo.obj
c:\users\shimu\onedrive\документы\madikhook\secreto sdk\release\hooks.obj
c:\users\shimu\onedrive\документы\madikhook\secreto sdk\release\surface.obj
c:\users\shimu\onedrive\документы\madikhook\secreto sdk\release\player.obj
c:\users\shimu\onedrive\документы\madikhook\secreto sdk\release\slider.obj
c:\users\shimu\onedrive\документы\madikhook\secreto sdk\release\aimbot.obj
c:\users\shimu\onedrive\документы\madikhook\secreto sdk\release\edit.obj
c:\users\shimu\onedrive\документы\madikhook\secreto sdk\release\materialsystem.obj
c:\users\shimu\onedrive\документы\madikhook\secreto sdk\release\dropdown.obj
c:\users\shimu\onedrive\документы\madikhook\secreto sdk\release\knifebot.obj
c:\users\shimu\onedrive\документы\madikhook\secreto sdk\release\multidropdown.obj
c:\users\shimu\onedrive\документы\madikhook\secreto sdk\release\netchannel.obj
c:\users\shimu\onedrive\документы\madikhook\secreto sdk\release\wndproc.obj
c:\users\shimu\onedrive\документы\madikhook\secreto sdk\release\callbacks.obj
c:\users\shimu\onedrive\документы\madikhook\secreto sdk\release\hde64.obj
c:\users\shimu\onedrive\документы\madikhook\secreto sdk\release\hook.obj
c:\users\shimu\onedrive\документы\madikhook\secreto sdk\release\firebullets.obj
c:\users\shimu\onedrive\документы\madikhook\secreto sdk\release\server_sound.obj
c:\users\shimu\onedrive\документы\madikhook\secreto sdk\release\grenades.obj
c:\users\shimu\onedrive\документы\madikhook\secreto sdk\release\shots.obj
c:\users\shimu\onedrive\документы\madikhook\secreto sdk\release\penetration.obj
c:\users\shimu\onedrive\документы\madikhook\secreto sdk\release\renderview.obj
c:\users\shimu\onedrive\документы\madikhook\secreto sdk\release\button.obj
c:\users\shimu\onedrive\документы\madikhook\secreto sdk\release\colorpicker.obj
c:\users\shimu\onedrive\документы\madikhook\secreto sdk\release\matchframework.obj
c:\users\shimu\onedrive\документы\madikhook\secreto sdk\release\modelrender.obj
c:\users\shimu\onedrive\документы\madikhook\secreto sdk\release\engine.obj
c:\users\shimu\onedrive\документы\madikhook\secreto sdk\release\movement.obj
c:\users\shimu\onedrive\документы\madikhook\secreto sdk\release\viewrender.obj
c:\users\shimu\onedrive\документы\madikhook\secreto sdk\release\c_player_resoucre.obj
c:\users\shimu\onedrive\документы\madikhook\output\release\secreto_sdk.dll
c:\users\shimu\onedrive\документы\madikhook\secreto sdk\release\secreto_sdk.ipdb
c:\users\shimu\onedrive\документы\madikhook\secreto sdk\release\secreto_sdk.iobj
c:\users\shimu\onedrive\документы\madikhook\secreto sdk\release\achievement_manager.obj
c:\users\shimu\onedrive\документы\madikhook\secreto sdk\release\activity_manager.obj
c:\users\shimu\onedrive\документы\madikhook\secreto sdk\release\application_manager.obj
c:\users\shimu\onedrive\документы\madikhook\secreto sdk\release\core.obj
c:\users\shimu\onedrive\документы\madikhook\secreto sdk\release\image_manager.obj
c:\users\shimu\onedrive\документы\madikhook\secreto sdk\release\lobby_manager.obj
c:\users\shimu\onedrive\документы\madikhook\secreto sdk\release\network_manager.obj
c:\users\shimu\onedrive\документы\madikhook\secreto sdk\release\overlay_manager.obj
c:\users\shimu\onedrive\документы\madikhook\secreto sdk\release\relationship_manager.obj
c:\users\shimu\onedrive\документы\madikhook\secreto sdk\release\storage_manager.obj
c:\users\shimu\onedrive\документы\madikhook\secreto sdk\release\store_manager.obj
c:\users\shimu\onedrive\документы\madikhook\secreto sdk\release\types.obj
c:\users\shimu\onedrive\документы\madikhook\secreto sdk\release\user_manager.obj
c:\users\shimu\onedrive\документы\madikhook\secreto sdk\release\voice_manager.obj
c:\users\shimu\onedrive\документы\madikhook\secreto sdk\release\secreto sdk.tlog\cl.command.1.tlog
c:\users\shimu\onedrive\документы\madikhook\secreto sdk\release\secreto sdk.tlog\cl.items.tlog
c:\users\shimu\onedrive\документы\madikhook\secreto sdk\release\secreto sdk.tlog\cl.read.1.tlog
c:\users\shimu\onedrive\документы\madikhook\secreto sdk\release\secreto sdk.tlog\cl.write.1.tlog
c:\users\shimu\onedrive\документы\madikhook\secreto sdk\release\secreto sdk.tlog\link.command.1.tlog
c:\users\shimu\onedrive\документы\madikhook\secreto sdk\release\secreto sdk.tlog\link.read.1.tlog
c:\users\shimu\onedrive\документы\madikhook\secreto sdk\release\secreto sdk.tlog\link.secondary.1.tlog
c:\users\shimu\onedrive\документы\madikhook\secreto sdk\release\secreto sdk.tlog\link.write.1.tlog
